<?xml version="1.0" encoding="UTF-8"?>
<coverage generated="1726482431290" clover="3.2.0">
  <project timestamp="1726482431290" name="All files">
    <metrics statements="8" coveredstatements="0" conditionals="0" coveredconditionals="0" methods="4" coveredmethods="0" elements="12" coveredelements="0" complexity="0" loc="8" ncloc="8" packages="1" files="2" classes="2"/>
    <file name="pinService.tsx" path="/home/hgavert/bikesafe/client/src/services/pinService.tsx">
      <metrics statements="4" coveredstatements="0" conditionals="0" coveredconditionals="0" methods="2" coveredmethods="0"/>
      <line num="1" count="0" type="stmt"/>
      <line num="3" count="0" type="stmt"/>
      <line num="4" count="0" type="stmt"/>
      <line num="7" count="0" type="stmt"/>
    </file>
    <file name="theftService.tsx" path="/home/hgavert/bikesafe/client/src/services/theftService.tsx">
      <metrics statements="4" coveredstatements="0" conditionals="0" coveredconditionals="0" methods="2" coveredmethods="0"/>
      <line num="1" count="0" type="stmt"/>
      <line num="4" count="0" type="stmt"/>
      <line num="5" count="0" type="stmt"/>
      <line num="6" count="0" type="stmt"/>
    </file>
  </project>
</coverage>
