{"/home/hgavert/bikesafe/client/src/services/pinService.tsx": {"path":"/home/hgavert/bikesafe/client/src/services/pinService.tsx","statementMap":{"0":{"start":{"line":1,"column":0},"end":{"line":1,"column":25}},"1":{"start":{"line":3,"column":22},"end":{"line":5,"column":null}},"2":{"start":{"line":3,"column":33},"end":{"line":5,"column":null}},"3":{"start":{"line":4,"column":2},"end":{"line":4,"column":null}},"4":{"start":{"line":3,"column":13},"end":{"line":3,"column":22}},"5":{"start":{"line":7,"column":0},"end":{"line":7,"column":null}}},"fnMap":{"0":{"name":"(anonymous_8)","decl":{"start":{"line":3,"column":22},"end":{"line":3,"column":31}},"loc":{"start":{"line":3,"column":33},"end":{"line":5,"column":null}}},"1":{"name":"(anonymous_9)","decl":{"start":{"line":3,"column":33},"end":{"line":3,"column":null}},"loc":{"start":{"line":3,"column":33},"end":{"line":5,"column":1}}}},"branchMap":{},"s":{"0":0,"1":0,"2":0,"3":0,"4":0,"5":0},"f":{"0":0,"1":0},"b":{}}
,"/home/hgavert/bikesafe/client/src/services/theftService.tsx": {"path":"/home/hgavert/bikesafe/client/src/services/theftService.tsx","statementMap":{"0":{"start":{"line":1,"column":0},"end":{"line":1,"column":25}},"1":{"start":{"line":4,"column":31},"end":{"line":7,"column":null}},"2":{"start":{"line":4,"column":61},"end":{"line":7,"column":null}},"3":{"start":{"line":5,"column":14},"end":{"line":5,"column":84}},"4":{"start":{"line":6,"column":2},"end":{"line":6,"column":null}},"5":{"start":{"line":4,"column":13},"end":{"line":4,"column":31}}},"fnMap":{"0":{"name":"(anonymous_8)","decl":{"start":{"line":4,"column":31},"end":{"line":4,"column":38}},"loc":{"start":{"line":4,"column":61},"end":{"line":7,"column":null}}},"1":{"name":"(anonymous_9)","decl":{"start":{"line":4,"column":61},"end":{"line":4,"column":null}},"loc":{"start":{"line":4,"column":61},"end":{"line":7,"column":1}}}},"branchMap":{},"s":{"0":0,"1":0,"2":0,"3":0,"4":0,"5":0},"f":{"0":0,"1":0},"b":{}}
}
