{"/home/ilhe/bikesafe/client/src/App.tsx": {"path":"/home/ilhe/bikesafe/client/src/App.tsx","statementMap":{"0":{"start":{"line":9,"column":12},"end":{"line":53,"column":1}},"1":{"start":{"line":10,"column":38},"end":{"line":10,"column":62}},"2":{"start":{"line":11,"column":32},"end":{"line":20,"column":4}},"3":{"start":{"line":22,"column":24},"end":{"line":24,"column":3}},"4":{"start":{"line":23,"column":4},"end":{"line":23,"column":30}},"5":{"start":{"line":26,"column":29},"end":{"line":35,"column":3}},"6":{"start":{"line":27,"column":30},"end":{"line":27,"column":38}},"7":{"start":{"line":28,"column":4},"end":{"line":34,"column":7}},"8":{"start":{"line":28,"column":33},"end":{"line":34,"column":5}},"9":{"start":{"line":37,"column":2},"end":{"line":52,"column":3}}},"fnMap":{"0":{"name":"(anonymous_0)","decl":{"start":{"line":9,"column":12},"end":{"line":9,"column":13}},"loc":{"start":{"line":9,"column":18},"end":{"line":53,"column":1}},"line":9},"1":{"name":"(anonymous_1)","decl":{"start":{"line":22,"column":24},"end":{"line":22,"column":25}},"loc":{"start":{"line":22,"column":30},"end":{"line":24,"column":3}},"line":22},"2":{"name":"(anonymous_2)","decl":{"start":{"line":26,"column":29},"end":{"line":26,"column":30}},"loc":{"start":{"line":26,"column":73},"end":{"line":35,"column":3}},"line":26},"3":{"name":"(anonymous_3)","decl":{"start":{"line":28,"column":15},"end":{"line":28,"column":16}},"loc":{"start":{"line":28,"column":33},"end":{"line":34,"column":5}},"line":28}},"branchMap":{"0":{"loc":{"start":{"line":44,"column":76},"end":{"line":44,"column":114}},"type":"cond-expr","locations":[{"start":{"line":44,"column":89},"end":{"line":44,"column":97}},{"start":{"line":44,"column":100},"end":{"line":44,"column":114}}],"line":44}},"s":{"0":0,"1":0,"2":0,"3":0,"4":0,"5":0,"6":0,"7":0,"8":0,"9":0},"f":{"0":0,"1":0,"2":0,"3":0},"b":{"0":[0,0]}}
,"/home/ilhe/bikesafe/client/src/main.tsx": {"path":"/home/ilhe/bikesafe/client/src/main.tsx","statementMap":{"0":{"start":{"line":5,"column":0},"end":{"line":9,"column":1}}},"fnMap":{},"branchMap":{},"s":{"0":0},"f":{},"b":{}}
,"/home/ilhe/bikesafe/client/src/types.ts": {"path":"/home/ilhe/bikesafe/client/src/types.ts","statementMap":{},"fnMap":{},"branchMap":{},"s":{},"f":{},"b":{}}
,"/home/ilhe/bikesafe/client/src/components/Map.tsx": {"path":"/home/ilhe/bikesafe/client/src/components/Map.tsx","statementMap":{"0":{"start":{"line":11,"column":59},"end":{"line":54,"column":1}},"1":{"start":{"line":12,"column":38},"end":{"line":12,"column":63}},"2":{"start":{"line":13,"column":42},"end":{"line":13,"column":69}},"3":{"start":{"line":15,"column":2},"end":{"line":24,"column":8}},"4":{"start":{"line":16,"column":22},"end":{"line":22,"column":5}},"5":{"start":{"line":17,"column":28},"end":{"line":17,"column":61}},"6":{"start":{"line":18,"column":6},"end":{"line":18,"column":34}},"7":{"start":{"line":20,"column":34},"end":{"line":20,"column":79}},"8":{"start":{"line":21,"column":6},"end":{"line":21,"column":42}},"9":{"start":{"line":23,"column":4},"end":{"line":23,"column":15}},"10":{"start":{"line":26,"column":2},"end":{"line":53,"column":3}},"11":{"start":{"line":43,"column":41},"end":{"line":43,"column":57}},"12":{"start":{"line":48,"column":45},"end":{"line":48,"column":63}}},"fnMap":{"0":{"name":"(anonymous_0)","decl":{"start":{"line":11,"column":59},"end":{"line":11,"column":60}},"loc":{"start":{"line":11,"column":88},"end":{"line":54,"column":1}},"line":11},"1":{"name":"(anonymous_1)","decl":{"start":{"line":15,"column":12},"end":{"line":15,"column":13}},"loc":{"start":{"line":15,"column":18},"end":{"line":24,"column":3}},"line":15},"2":{"name":"(anonymous_2)","decl":{"start":{"line":16,"column":22},"end":{"line":16,"column":23}},"loc":{"start":{"line":16,"column":34},"end":{"line":22,"column":5}},"line":16},"3":{"name":"(anonymous_3)","decl":{"start":{"line":43,"column":32},"end":{"line":43,"column":33}},"loc":{"start":{"line":43,"column":41},"end":{"line":43,"column":57}},"line":43},"4":{"name":"(anonymous_4)","decl":{"start":{"line":48,"column":34},"end":{"line":48,"column":35}},"loc":{"start":{"line":48,"column":45},"end":{"line":48,"column":63}},"line":48}},"branchMap":{},"s":{"0":0,"1":0,"2":0,"3":0,"4":0,"5":0,"6":0,"7":0,"8":0,"9":0,"10":0,"11":0,"12":0},"f":{"0":0,"1":0,"2":0,"3":0,"4":0},"b":{}}
,"/home/ilhe/bikesafe/client/src/components/Notification.tsx": {"path":"/home/ilhe/bikesafe/client/src/components/Notification.tsx","statementMap":{"0":{"start":{"line":3,"column":62},"end":{"line":9,"column":1}},"1":{"start":{"line":4,"column":4},"end":{"line":8,"column":7}}},"fnMap":{"0":{"name":"(anonymous_0)","decl":{"start":{"line":3,"column":62},"end":{"line":3,"column":63}},"loc":{"start":{"line":3,"column":86},"end":{"line":9,"column":1}},"line":3}},"branchMap":{"0":{"loc":{"start":{"line":4,"column":11},"end":{"line":8,"column":7}},"type":"cond-expr","locations":[{"start":{"line":4,"column":22},"end":{"line":4,"column":26}},{"start":{"line":5,"column":8},"end":{"line":7,"column":14}}],"line":4}},"s":{"0":0,"1":0},"f":{"0":0},"b":{"0":[0,0]}}
,"/home/ilhe/bikesafe/client/src/components/PinFilter.tsx": {"path":"/home/ilhe/bikesafe/client/src/components/PinFilter.tsx","statementMap":{"0":{"start":{"line":5,"column":45},"end":{"line":22,"column":1}},"1":{"start":{"line":9,"column":2},"end":{"line":21,"column":3}},"2":{"start":{"line":12,"column":8},"end":{"line":18,"column":10}}},"fnMap":{"0":{"name":"(anonymous_0)","decl":{"start":{"line":5,"column":45},"end":{"line":5,"column":46}},"loc":{"start":{"line":8,"column":6},"end":{"line":22,"column":1}},"line":8},"1":{"name":"(anonymous_1)","decl":{"start":{"line":11,"column":32},"end":{"line":11,"column":33}},"loc":{"start":{"line":12,"column":8},"end":{"line":18,"column":10}},"line":12}},"branchMap":{},"s":{"0":1,"1":1,"2":2},"f":{"0":1,"1":2},"b":{},"_coverageSchema":"1a1c01bbd47fc00a2c39e90264f33305004495a9","hash":"a5107274103f754ba7a84cbef11c08ce3721ebc3"}
,"/home/ilhe/bikesafe/client/src/components/PinFilterOption.tsx": {"path":"/home/ilhe/bikesafe/client/src/components/PinFilterOption.tsx","statementMap":{"0":{"start":{"line":4,"column":57},"end":{"line":23,"column":1}},"1":{"start":{"line":10,"column":2},"end":{"line":22,"column":3}}},"fnMap":{"0":{"name":"(anonymous_0)","decl":{"start":{"line":4,"column":57},"end":{"line":4,"column":58}},"loc":{"start":{"line":9,"column":6},"end":{"line":23,"column":1}},"line":9}},"branchMap":{},"s":{"0":2,"1":3},"f":{"0":3},"b":{},"_coverageSchema":"1a1c01bbd47fc00a2c39e90264f33305004495a9","hash":"5c2e94494972a0fa7f192da6a29b1d3b13a70ef6"}
,"/home/ilhe/bikesafe/client/src/components/Pins.tsx": {"path":"/home/ilhe/bikesafe/client/src/components/Pins.tsx","statementMap":{"0":{"start":{"line":6,"column":89},"end":{"line":43,"column":1}},"1":{"start":{"line":7,"column":2},"end":{"line":7,"column":29}},"2":{"start":{"line":7,"column":18},"end":{"line":7,"column":29}},"3":{"start":{"line":9,"column":22},"end":{"line":18,"column":3}},"4":{"start":{"line":10,"column":4},"end":{"line":17,"column":5}},"5":{"start":{"line":12,"column":8},"end":{"line":12,"column":20}},"6":{"start":{"line":14,"column":8},"end":{"line":14,"column":22}},"7":{"start":{"line":16,"column":8},"end":{"line":16,"column":21}},"8":{"start":{"line":20,"column":18},"end":{"line":27,"column":4}},"9":{"start":{"line":20,"column":36},"end":{"line":27,"column":4}},"10":{"start":{"line":29,"column":2},"end":{"line":42,"column":3}},"11":{"start":{"line":32,"column":8},"end":{"line":39,"column":17}}},"fnMap":{"0":{"name":"(anonymous_0)","decl":{"start":{"line":6,"column":89},"end":{"line":6,"column":90}},"loc":{"start":{"line":6,"column":128},"end":{"line":43,"column":1}},"line":6},"1":{"name":"(anonymous_1)","decl":{"start":{"line":9,"column":22},"end":{"line":9,"column":23}},"loc":{"start":{"line":9,"column":40},"end":{"line":18,"column":3}},"line":9},"2":{"name":"(anonymous_2)","decl":{"start":{"line":20,"column":18},"end":{"line":20,"column":19}},"loc":{"start":{"line":20,"column":36},"end":{"line":27,"column":4}},"line":20},"3":{"name":"(anonymous_3)","decl":{"start":{"line":31,"column":19},"end":{"line":31,"column":20}},"loc":{"start":{"line":32,"column":8},"end":{"line":39,"column":17}},"line":32}},"branchMap":{"0":{"loc":{"start":{"line":7,"column":2},"end":{"line":7,"column":29}},"type":"if","locations":[{"start":{"line":7,"column":2},"end":{"line":7,"column":29}},{"start":{},"end":{}}],"line":7},"1":{"loc":{"start":{"line":10,"column":4},"end":{"line":17,"column":5}},"type":"switch","locations":[{"start":{"line":11,"column":6},"end":{"line":12,"column":20}},{"start":{"line":13,"column":6},"end":{"line":14,"column":22}},{"start":{"line":15,"column":6},"end":{"line":16,"column":21}}],"line":10}},"s":{"0":0,"1":0,"2":0,"3":0,"4":0,"5":0,"6":0,"7":0,"8":0,"9":0,"10":0,"11":0},"f":{"0":0,"1":0,"2":0,"3":0},"b":{"0":[0,0],"1":[0,0,0]}}
,"/home/ilhe/bikesafe/client/src/components/TheftMarker.tsx": {"path":"/home/ilhe/bikesafe/client/src/components/TheftMarker.tsx","statementMap":{"0":{"start":{"line":9,"column":0},"end":{"line":9,"column":34}},"1":{"start":{"line":11,"column":49},"end":{"line":44,"column":1}},"2":{"start":{"line":16,"column":34},"end":{"line":16,"column":63}},"3":{"start":{"line":17,"column":20},"end":{"line":17,"column":54}},"4":{"start":{"line":19,"column":2},"end":{"line":29,"column":4}},"5":{"start":{"line":21,"column":6},"end":{"line":23,"column":7}},"6":{"start":{"line":22,"column":8},"end":{"line":22,"column":14}},"7":{"start":{"line":24,"column":6},"end":{"line":24,"column":27}},"8":{"start":{"line":25,"column":6},"end":{"line":27,"column":11}},"9":{"start":{"line":26,"column":8},"end":{"line":26,"column":38}},"10":{"start":{"line":31,"column":30},"end":{"line":35,"column":3}},"11":{"start":{"line":32,"column":22},"end":{"line":32,"column":53}},"12":{"start":{"line":33,"column":4},"end":{"line":33,"column":47}},"13":{"start":{"line":34,"column":4},"end":{"line":34,"column":21}},"14":{"start":{"line":37,"column":2},"end":{"line":43,"column":3}},"15":{"start":{"line":40,"column":31},"end":{"line":40,"column":60}}},"fnMap":{"0":{"name":"(anonymous_0)","decl":{"start":{"line":11,"column":49},"end":{"line":11,"column":50}},"loc":{"start":{"line":15,"column":6},"end":{"line":44,"column":1}},"line":15},"1":{"name":"(anonymous_1)","decl":{"start":{"line":20,"column":4},"end":{"line":20,"column":5}},"loc":{"start":{"line":20,"column":13},"end":{"line":28,"column":5}},"line":20},"2":{"name":"(anonymous_2)","decl":{"start":{"line":25,"column":17},"end":{"line":25,"column":18}},"loc":{"start":{"line":25,"column":23},"end":{"line":27,"column":7}},"line":25},"3":{"name":"(anonymous_3)","decl":{"start":{"line":31,"column":30},"end":{"line":31,"column":31}},"loc":{"start":{"line":31,"column":58},"end":{"line":35,"column":3}},"line":31},"4":{"name":"(anonymous_4)","decl":{"start":{"line":40,"column":25},"end":{"line":40,"column":26}},"loc":{"start":{"line":40,"column":31},"end":{"line":40,"column":60}},"line":40}},"branchMap":{"0":{"loc":{"start":{"line":21,"column":6},"end":{"line":23,"column":7}},"type":"if","locations":[{"start":{"line":21,"column":6},"end":{"line":23,"column":7}},{"start":{},"end":{}}],"line":21},"1":{"loc":{"start":{"line":37,"column":9},"end":{"line":43,"column":3}},"type":"cond-expr","locations":[{"start":{"line":37,"column":29},"end":{"line":37,"column":33}},{"start":{"line":38,"column":4},"end":{"line":42,"column":13}}],"line":37}},"s":{"0":1,"1":1,"2":9,"3":9,"4":9,"5":3,"6":0,"7":3,"8":3,"9":3,"10":9,"11":1,"12":1,"13":1,"14":9,"15":1},"f":{"0":9,"1":3,"2":3,"3":1,"4":1},"b":{"0":[0,3],"1":[6,3]},"_coverageSchema":"1a1c01bbd47fc00a2c39e90264f33305004495a9","hash":"6bfdf47d0e230a490826e4ce8b8ffba03f590b2d"}
,"/home/ilhe/bikesafe/client/src/services/lockStationService.tsx": {"path":"/home/ilhe/bikesafe/client/src/services/lockStationService.tsx","statementMap":{"0":{"start":{"line":5,"column":34},"end":{"line":13,"column":1}},"1":{"start":{"line":6,"column":2},"end":{"line":12,"column":3}},"2":{"start":{"line":7,"column":21},"end":{"line":7,"column":67}},"3":{"start":{"line":8,"column":4},"end":{"line":8,"column":24}},"4":{"start":{"line":10,"column":4},"end":{"line":10,"column":54}},"5":{"start":{"line":11,"column":4},"end":{"line":11,"column":68}},"6":{"start":{"line":15,"column":30},"end":{"line":23,"column":1}},"7":{"start":{"line":16,"column":2},"end":{"line":22,"column":3}},"8":{"start":{"line":17,"column":16},"end":{"line":17,"column":76}},"9":{"start":{"line":18,"column":4},"end":{"line":18,"column":19}},"10":{"start":{"line":20,"column":4},"end":{"line":20,"column":54}},"11":{"start":{"line":21,"column":4},"end":{"line":21,"column":68}}},"fnMap":{"0":{"name":"(anonymous_0)","decl":{"start":{"line":5,"column":34},"end":{"line":5,"column":35}},"loc":{"start":{"line":5,"column":46},"end":{"line":13,"column":1}},"line":5},"1":{"name":"(anonymous_1)","decl":{"start":{"line":15,"column":30},"end":{"line":15,"column":31}},"loc":{"start":{"line":15,"column":61},"end":{"line":23,"column":1}},"line":15}},"branchMap":{},"s":{"0":0,"1":0,"2":0,"3":0,"4":0,"5":0,"6":0,"7":0,"8":0,"9":0,"10":0,"11":0},"f":{"0":0,"1":0},"b":{}}
,"/home/ilhe/bikesafe/client/src/services/pinService.tsx": {"path":"/home/ilhe/bikesafe/client/src/services/pinService.tsx","statementMap":{"0":{"start":{"line":4,"column":22},"end":{"line":12,"column":1}},"1":{"start":{"line":5,"column":2},"end":{"line":11,"column":3}},"2":{"start":{"line":6,"column":4},"end":{"line":6,"column":55}},"3":{"start":{"line":8,"column":4},"end":{"line":8,"column":48}},"4":{"start":{"line":9,"column":4},"end":{"line":9,"column":63}}},"fnMap":{"0":{"name":"(anonymous_0)","decl":{"start":{"line":4,"column":22},"end":{"line":4,"column":23}},"loc":{"start":{"line":4,"column":34},"end":{"line":12,"column":1}},"line":4}},"branchMap":{},"s":{"0":0,"1":0,"2":0,"3":0,"4":0},"f":{"0":0},"b":{}}
,"/home/ilhe/bikesafe/client/src/services/theftService.tsx": {"path":"/home/ilhe/bikesafe/client/src/services/theftService.tsx","statementMap":{"0":{"start":{"line":5,"column":28},"end":{"line":13,"column":1}},"1":{"start":{"line":6,"column":2},"end":{"line":12,"column":3}},"2":{"start":{"line":7,"column":21},"end":{"line":7,"column":65}},"3":{"start":{"line":8,"column":4},"end":{"line":8,"column":24}},"4":{"start":{"line":10,"column":4},"end":{"line":10,"column":50}},"5":{"start":{"line":11,"column":4},"end":{"line":11,"column":60}},"6":{"start":{"line":15,"column":31},"end":{"line":23,"column":1}},"7":{"start":{"line":16,"column":2},"end":{"line":22,"column":3}},"8":{"start":{"line":17,"column":16},"end":{"line":17,"column":74}},"9":{"start":{"line":18,"column":4},"end":{"line":18,"column":19}},"10":{"start":{"line":20,"column":4},"end":{"line":20,"column":52}},"11":{"start":{"line":21,"column":4},"end":{"line":21,"column":68}}},"fnMap":{"0":{"name":"(anonymous_0)","decl":{"start":{"line":5,"column":28},"end":{"line":5,"column":29}},"loc":{"start":{"line":5,"column":40},"end":{"line":13,"column":1}},"line":5},"1":{"name":"(anonymous_1)","decl":{"start":{"line":15,"column":31},"end":{"line":15,"column":32}},"loc":{"start":{"line":15,"column":62},"end":{"line":23,"column":1}},"line":15}},"branchMap":{},"s":{"0":0,"1":0,"2":0,"3":0,"4":0,"5":0,"6":0,"7":0,"8":0,"9":0,"10":0,"11":0},"f":{"0":0,"1":0},"b":{}}
,"/home/ilhe/bikesafe/client/src/util/config.ts": {"path":"/home/ilhe/bikesafe/client/src/util/config.ts","statementMap":{"0":{"start":{"line":1,"column":22},"end":{"line":1,"column":77}}},"fnMap":{},"branchMap":{"0":{"loc":{"start":{"line":1,"column":22},"end":{"line":1,"column":77}},"type":"binary-expr","locations":[{"start":{"line":1,"column":22},"end":{"line":1,"column":50}},{"start":{"line":1,"column":54},"end":{"line":1,"column":77}}],"line":1}},"s":{"0":0},"f":{},"b":{"0":[0,0]}}
}
